2014-06-21 12:07:49.590 HelloCordova[2951:70b] Multi-tasking -> Device: YES, App: YES
2014-06-21 12:07:49.618 HelloCordova[2951:70b] Unlimited access to network resources
2014-06-21 12:07:49.772 HelloCordova[2951:70b] [CDVTimer][keyboard] 0.087023ms
2014-06-21 12:07:49.773 HelloCordova[2951:70b] CDVPlugin class CDVStatusBar (pluginName: statusbar) does not exist.
2014-06-21 12:07:49.773 HelloCordova[2951:70b] [CDVTimer][statusbar] 0.566006ms
2014-06-21 12:07:49.774 HelloCordova[2951:70b] [CDVTimer][TotalPluginStartup] 1.662970ms
2014-06-21 12:07:49.920 HelloCordova[2951:70b] Resetting plugins due to page load.
2014-06-21 12:07:50.113 HelloCordova[2951:70b] Finished load of: file:///Users/dushyantrao/Library/Application%20Support/iPhone%20Simulator/7.1/Applications/8AE518CA-4655-4A9D-A1CB-B04D1D425DFA/HelloCordova.app/www/index.html#/tab/dash
2014-06-21 14:00:25.000 HelloCordova[3693:70b] Multi-tasking -> Device: YES, App: YES
2014-06-21 14:00:25.006 HelloCordova[3693:70b] Unlimited access to network resources
2014-06-21 14:00:25.033 HelloCordova[3693:70b] [CDVTimer][keyboard] 0.092983ms
2014-06-21 14:00:25.033 HelloCordova[3693:70b] CDVPlugin class CDVStatusBar (pluginName: statusbar) does not exist.
2014-06-21 14:00:25.033 HelloCordova[3693:70b] [CDVTimer][statusbar] 0.461996ms
2014-06-21 14:00:25.034 HelloCordova[3693:70b] [CDVTimer][TotalPluginStartup] 1.500964ms
2014-06-21 14:00:25.100 HelloCordova[3693:70b] Resetting plugins due to page load.
2014-06-21 14:00:25.269 HelloCordova[3693:70b] Finished load of: file:///Users/dushyantrao/Library/Application%20Support/iPhone%20Simulator/7.1/Applications/8AE518CA-4655-4A9D-A1CB-B04D1D425DFA/HelloCordova.app/www/index.html#/tab/dash
2014-06-21 14:01:06.284 HelloCordova[4033:70b] Multi-tasking -> Device: YES, App: YES
2014-06-21 14:01:06.290 HelloCordova[4033:70b] Unlimited access to network resources
2014-06-21 14:01:06.312 HelloCordova[4033:70b] [CDVTimer][keyboard] 0.105023ms
2014-06-21 14:01:06.313 HelloCordova[4033:70b] CDVPlugin class CDVStatusBar (pluginName: statusbar) does not exist.
2014-06-21 14:01:06.313 HelloCordova[4033:70b] [CDVTimer][statusbar] 0.355005ms
2014-06-21 14:01:06.313 HelloCordova[4033:70b] [CDVTimer][TotalPluginStartup] 1.264036ms
2014-06-21 14:01:06.406 HelloCordova[4033:70b] Resetting plugins due to page load.
2014-06-21 14:01:06.542 HelloCordova[4033:70b] Finished load of: file:///Users/dushyantrao/Library/Application%20Support/iPhone%20Simulator/7.1/Applications/8AE518CA-4655-4A9D-A1CB-B04D1D425DFA/HelloCordova.app/www/index.html#/tab/dash
2014-06-21 14:02:32.209 HelloCordova[4370:70b] Multi-tasking -> Device: YES, App: YES
2014-06-21 14:02:32.219 HelloCordova[4370:70b] Unlimited access to network resources
2014-06-21 14:02:32.239 HelloCordova[4370:70b] [CDVTimer][keyboard] 0.087976ms
2014-06-21 14:02:32.239 HelloCordova[4370:70b] CDVPlugin class CDVStatusBar (pluginName: statusbar) does not exist.
2014-06-21 14:02:32.240 HelloCordova[4370:70b] [CDVTimer][statusbar] 0.442982ms
2014-06-21 14:02:32.240 HelloCordova[4370:70b] [CDVTimer][TotalPluginStartup] 1.448035ms
2014-06-21 14:02:32.358 HelloCordova[4370:70b] Resetting plugins due to page load.
2014-06-21 14:02:32.487 HelloCordova[4370:70b] Finished load of: file:///Users/dushyantrao/Library/Application%20Support/iPhone%20Simulator/7.1/Applications/8AE518CA-4655-4A9D-A1CB-B04D1D425DFA/HelloCordova.app/www/index.html#/tab/dash
2014-06-21 14:06:46.759 HelloCordova[4712:70b] Multi-tasking -> Device: YES, App: YES
2014-06-21 14:06:46.769 HelloCordova[4712:70b] Unlimited access to network resources
2014-06-21 14:06:46.794 HelloCordova[4712:70b] [CDVTimer][keyboard] 0.086010ms
2014-06-21 14:06:46.794 HelloCordova[4712:70b] CDVPlugin class CDVStatusBar (pluginName: statusbar) does not exist.
2014-06-21 14:06:46.795 HelloCordova[4712:70b] [CDVTimer][statusbar] 0.472009ms
2014-06-21 14:06:46.795 HelloCordova[4712:70b] [CDVTimer][TotalPluginStartup] 1.537979ms
2014-06-21 14:06:46.899 HelloCordova[4712:70b] Resetting plugins due to page load.
2014-06-21 14:06:47.047 HelloCordova[4712:70b] Finished load of: file:///Users/dushyantrao/Library/Application%20Support/iPhone%20Simulator/7.1/Applications/8AE518CA-4655-4A9D-A1CB-B04D1D425DFA/HelloCordova.app/www/index.html#/tab/dash
2014-06-21 14:10:37.135 HelloCordova[5055:70b] Multi-tasking -> Device: YES, App: YES
2014-06-21 14:10:37.144 HelloCordova[5055:70b] Unlimited access to network resources
2014-06-21 14:10:37.163 HelloCordova[5055:70b] [CDVTimer][keyboard] 0.060976ms
2014-06-21 14:10:37.164 HelloCordova[5055:70b] CDVPlugin class CDVStatusBar (pluginName: statusbar) does not exist.
2014-06-21 14:10:37.164 HelloCordova[5055:70b] [CDVTimer][statusbar] 0.389993ms
2014-06-21 14:10:37.164 HelloCordova[5055:70b] [CDVTimer][TotalPluginStartup] 1.266003ms
2014-06-21 14:10:37.259 HelloCordova[5055:70b] Resetting plugins due to page load.
2014-06-21 14:10:37.398 HelloCordova[5055:70b] Finished load of: file:///Users/dushyantrao/Library/Application%20Support/iPhone%20Simulator/7.1/Applications/8AE518CA-4655-4A9D-A1CB-B04D1D425DFA/HelloCordova.app/www/index.html#/tab/dash
2014-06-21 14:22:49.089 HelloCordova[5405:70b] Multi-tasking -> Device: YES, App: YES
2014-06-21 14:22:49.095 HelloCordova[5405:70b] Unlimited access to network resources
2014-06-21 14:22:49.110 HelloCordova[5405:70b] [CDVTimer][keyboard] 0.060976ms
2014-06-21 14:22:49.111 HelloCordova[5405:70b] CDVPlugin class CDVStatusBar (pluginName: statusbar) does not exist.
2014-06-21 14:22:49.111 HelloCordova[5405:70b] [CDVTimer][statusbar] 0.432968ms
2014-06-21 14:22:49.111 HelloCordova[5405:70b] [CDVTimer][TotalPluginStartup] 1.305997ms
2014-06-21 14:22:49.190 HelloCordova[5405:70b] Resetting plugins due to page load.
2014-06-21 14:22:49.326 HelloCordova[5405:70b] Finished load of: file:///Users/dushyantrao/Library/Application%20Support/iPhone%20Simulator/7.1/Applications/8AE518CA-4655-4A9D-A1CB-B04D1D425DFA/HelloCordova.app/www/index.html#/tab/dash
2014-06-21 14:24:36.509 HelloCordova[5744:70b] Multi-tasking -> Device: YES, App: YES
2014-06-21 14:24:36.516 HelloCordova[5744:70b] Unlimited access to network resources
2014-06-21 14:24:36.531 HelloCordova[5744:70b] [CDVTimer][keyboard] 0.056982ms
2014-06-21 14:24:36.532 HelloCordova[5744:70b] CDVPlugin class CDVStatusBar (pluginName: statusbar) does not exist.
2014-06-21 14:24:36.532 HelloCordova[5744:70b] [CDVTimer][statusbar] 0.384986ms
2014-06-21 14:24:36.533 HelloCordova[5744:70b] [CDVTimer][TotalPluginStartup] 1.226008ms
2014-06-21 14:24:36.610 HelloCordova[5744:70b] Resetting plugins due to page load.
2014-06-21 14:24:36.727 HelloCordova[5744:70b] Finished load of: file:///Users/dushyantrao/Library/Application%20Support/iPhone%20Simulator/7.1/Applications/8AE518CA-4655-4A9D-A1CB-B04D1D425DFA/HelloCordova.app/www/index.html#/tab/dash
2014-06-21 14:37:10.810 HelloCordova[6101:70b] Multi-tasking -> Device: YES, App: YES
2014-06-21 14:37:10.816 HelloCordova[6101:70b] Unlimited access to network resources
2014-06-21 14:37:10.834 HelloCordova[6101:70b] [CDVTimer][keyboard] 0.099957ms
2014-06-21 14:37:10.834 HelloCordova[6101:70b] CDVPlugin class CDVStatusBar (pluginName: statusbar) does not exist.
2014-06-21 14:37:10.835 HelloCordova[6101:70b] [CDVTimer][statusbar] 0.483990ms
2014-06-21 14:37:10.835 HelloCordova[6101:70b] [CDVTimer][TotalPluginStartup] 1.610994ms
2014-06-21 14:37:10.930 HelloCordova[6101:70b] Resetting plugins due to page load.
2014-06-21 14:37:11.090 HelloCordova[6101:70b] Finished load of: file:///Users/dushyantrao/Library/Application%20Support/iPhone%20Simulator/7.1/Applications/8AE518CA-4655-4A9D-A1CB-B04D1D425DFA/HelloCordova.app/www/index.html#/tab/dash
2014-06-21 15:03:34.522 HelloCordova[6613:70b] Multi-tasking -> Device: YES, App: YES
2014-06-21 15:03:34.529 HelloCordova[6613:70b] Unlimited access to network resources
2014-06-21 15:03:34.544 HelloCordova[6613:70b] [CDVTimer][keyboard] 0.092030ms
2014-06-21 15:03:34.544 HelloCordova[6613:70b] CDVPlugin class CDVStatusBar (pluginName: statusbar) does not exist.
2014-06-21 15:03:34.545 HelloCordova[6613:70b] [CDVTimer][statusbar] 0.513017ms
2014-06-21 15:03:34.547 HelloCordova[6613:70b] [CDVTimer][TotalPluginStartup] 2.800047ms
2014-06-21 15:03:34.657 HelloCordova[6613:70b] Resetting plugins due to page load.
2014-06-21 15:03:34.834 HelloCordova[6613:70b] Finished load of: file:///Users/dushyantrao/Library/Application%20Support/iPhone%20Simulator/7.1/Applications/8AE518CA-4655-4A9D-A1CB-B04D1D425DFA/HelloCordova.app/www/index.html#/tab/dash
2014-06-21 16:11:20.594 HelloCordova[7441:70b] Multi-tasking -> Device: YES, App: YES
2014-06-21 16:11:20.601 HelloCordova[7441:70b] Unlimited access to network resources
2014-06-21 16:11:20.620 HelloCordova[7441:70b] [CDVTimer][keyboard] 0.090003ms
2014-06-21 16:11:20.621 HelloCordova[7441:70b] CDVPlugin class CDVStatusBar (pluginName: statusbar) does not exist.
2014-06-21 16:11:20.621 HelloCordova[7441:70b] [CDVTimer][statusbar] 0.397027ms
2014-06-21 16:11:20.621 HelloCordova[7441:70b] [CDVTimer][TotalPluginStartup] 1.417994ms
2014-06-21 16:11:20.718 HelloCordova[7441:70b] Resetting plugins due to page load.
2014-06-21 16:11:20.864 HelloCordova[7441:70b] Finished load of: file:///Users/dushyantrao/Library/Application%20Support/iPhone%20Simulator/7.1/Applications/8AE518CA-4655-4A9D-A1CB-B04D1D425DFA/HelloCordova.app/www/index.html#/app/landing
2014-06-22 12:46:25.064 HelloCordova[9412:70b] Multi-tasking -> Device: YES, App: YES
2014-06-22 12:46:25.104 HelloCordova[9412:70b] Unlimited access to network resources
2014-06-22 12:46:25.257 HelloCordova[9412:70b] [CDVTimer][keyboard] 0.091970ms
2014-06-22 12:46:25.258 HelloCordova[9412:70b] CDVPlugin class CDVStatusBar (pluginName: statusbar) does not exist.
2014-06-22 12:46:25.258 HelloCordova[9412:70b] [CDVTimer][statusbar] 0.485003ms
2014-06-22 12:46:25.259 HelloCordova[9412:70b] [CDVTimer][TotalPluginStartup] 1.523018ms
2014-06-22 12:46:25.425 HelloCordova[9412:70b] Resetting plugins due to page load.
2014-06-22 12:46:25.621 HelloCordova[9412:70b] Finished load of: file:///Users/dushyantrao/Library/Application%20Support/iPhone%20Simulator/7.1/Applications/8AE518CA-4655-4A9D-A1CB-B04D1D425DFA/HelloCordova.app/www/index.html#/app/earrings
2014-06-22 12:47:35.709 HelloCordova[9412:70b] Resetting plugins due to page load.
2014-06-22 12:47:38.114 HelloCordova[9412:70b] Finished load of: https://twitter.com/dushyantraoc
2014-06-22 12:47:38.115 HelloCordova[9412:70b] Resetting plugins due to page load.
2014-06-22 12:47:42.452 HelloCordova[9412:70b] Finished load of: https://mobile.twitter.com/dushyantraoc
2014-06-22 12:48:42.584 HelloCordova[9747:70b] Multi-tasking -> Device: YES, App: YES
2014-06-22 12:48:42.593 HelloCordova[9747:70b] Unlimited access to network resources
2014-06-22 12:48:42.609 HelloCordova[9747:70b] [CDVTimer][keyboard] 0.057042ms
2014-06-22 12:48:42.609 HelloCordova[9747:70b] CDVPlugin class CDVStatusBar (pluginName: statusbar) does not exist.
2014-06-22 12:48:42.609 HelloCordova[9747:70b] [CDVTimer][statusbar] 0.440001ms
2014-06-22 12:48:42.610 HelloCordova[9747:70b] [CDVTimer][TotalPluginStartup] 1.322985ms
2014-06-22 12:48:42.697 HelloCordova[9747:70b] Resetting plugins due to page load.
2014-06-22 12:48:42.829 HelloCordova[9747:70b] Finished load of: file:///Users/dushyantrao/Library/Application%20Support/iPhone%20Simulator/7.1/Applications/8AE518CA-4655-4A9D-A1CB-B04D1D425DFA/HelloCordova.app/www/index.html#/app/earrings
2014-06-22 12:49:12.136 HelloCordova[9946:70b] Multi-tasking -> Device: YES, App: YES
2014-06-22 12:49:12.142 HelloCordova[9946:70b] Unlimited access to network resources
2014-06-22 12:49:12.159 HelloCordova[9946:70b] [CDVTimer][keyboard] 0.092983ms
2014-06-22 12:49:12.160 HelloCordova[9946:70b] CDVPlugin class CDVStatusBar (pluginName: statusbar) does not exist.
2014-06-22 12:49:12.160 HelloCordova[9946:70b] [CDVTimer][statusbar] 0.469029ms
2014-06-22 12:49:12.160 HelloCordova[9946:70b] [CDVTimer][TotalPluginStartup] 1.540959ms
2014-06-22 12:49:12.257 HelloCordova[9946:70b] Resetting plugins due to page load.
2014-06-22 12:49:12.375 HelloCordova[9946:70b] Finished load of: file:///Users/dushyantrao/Library/Application%20Support/iPhone%20Simulator/7.1/Applications/8AE518CA-4655-4A9D-A1CB-B04D1D425DFA/HelloCordova.app/www/index.html#/app/earrings
2014-06-22 12:50:26.649 HelloCordova[10464:70b] Multi-tasking -> Device: YES, App: YES
2014-06-22 12:50:26.659 HelloCordova[10464:70b] Unlimited access to network resources
2014-06-22 12:50:26.683 HelloCordova[10464:70b] [CDVTimer][keyboard] 0.097990ms
2014-06-22 12:50:26.684 HelloCordova[10464:70b] CDVPlugin class CDVStatusBar (pluginName: statusbar) does not exist.
2014-06-22 12:50:26.684 HelloCordova[10464:70b] [CDVTimer][statusbar] 0.536025ms
2014-06-22 12:50:26.685 HelloCordova[10464:70b] [CDVTimer][TotalPluginStartup] 1.679957ms
2014-06-22 12:50:26.789 HelloCordova[10464:70b] Resetting plugins due to page load.
2014-06-22 12:50:26.925 HelloCordova[10464:70b] Finished load of: file:///Users/dushyantrao/Library/Application%20Support/iPhone%20Simulator/7.1/Applications/8AE518CA-4655-4A9D-A1CB-B04D1D425DFA/HelloCordova.app/www/index.html#/app/earrings
2014-06-22 16:13:01.626 HelloCordova[11995:70b] Multi-tasking -> Device: YES, App: YES
2014-06-22 16:13:01.635 HelloCordova[11995:70b] Unlimited access to network resources
2014-06-22 16:13:01.673 HelloCordova[11995:70b] [CDVTimer][keyboard] 0.064969ms
2014-06-22 16:13:01.673 HelloCordova[11995:70b] CDVPlugin class CDVStatusBar (pluginName: statusbar) does not exist.
2014-06-22 16:13:01.674 HelloCordova[11995:70b] [CDVTimer][statusbar] 0.527978ms
2014-06-22 16:13:01.674 HelloCordova[11995:70b] [CDVTimer][TotalPluginStartup] 1.559973ms
2014-06-22 16:13:01.774 HelloCordova[11995:70b] Resetting plugins due to page load.
2014-06-22 16:13:01.933 HelloCordova[11995:70b] Finished load of: file:///Users/dushyantrao/Library/Application%20Support/iPhone%20Simulator/7.1/Applications/8AE518CA-4655-4A9D-A1CB-B04D1D425DFA/HelloCordova.app/www/index.html#/app/earrings
2014-06-22 16:13:37.906 HelloCordova[12325:70b] Multi-tasking -> Device: YES, App: YES
2014-06-22 16:13:37.915 HelloCordova[12325:70b] Unlimited access to network resources
2014-06-22 16:13:37.945 HelloCordova[12325:70b] [CDVTimer][keyboard] 0.090957ms
2014-06-22 16:13:37.946 HelloCordova[12325:70b] CDVPlugin class CDVStatusBar (pluginName: statusbar) does not exist.
2014-06-22 16:13:37.946 HelloCordova[12325:70b] [CDVTimer][statusbar] 0.461996ms
2014-06-22 16:13:37.946 HelloCordova[12325:70b] [CDVTimer][TotalPluginStartup] 1.532018ms
2014-06-22 16:13:38.055 HelloCordova[12325:70b] Resetting plugins due to page load.
2014-06-22 16:13:38.205 HelloCordova[12325:70b] Finished load of: file:///Users/dushyantrao/Library/Application%20Support/iPhone%20Simulator/7.1/Applications/8AE518CA-4655-4A9D-A1CB-B04D1D425DFA/HelloCordova.app/www/index.html#/app/earrings
2014-06-22 16:14:01.544 HelloCordova[12518:70b] Multi-tasking -> Device: YES, App: YES
2014-06-22 16:14:01.553 HelloCordova[12518:70b] Unlimited access to network resources
2014-06-22 16:14:01.571 HelloCordova[12518:70b] [CDVTimer][keyboard] 0.099957ms
2014-06-22 16:14:01.571 HelloCordova[12518:70b] CDVPlugin class CDVStatusBar (pluginName: statusbar) does not exist.
2014-06-22 16:14:01.572 HelloCordova[12518:70b] [CDVTimer][statusbar] 0.447989ms
2014-06-22 16:14:01.572 HelloCordova[12518:70b] [CDVTimer][TotalPluginStartup] 1.455009ms
2014-06-22 16:14:01.666 HelloCordova[12518:70b] Resetting plugins due to page load.
2014-06-22 16:14:01.809 HelloCordova[12518:70b] Finished load of: file:///Users/dushyantrao/Library/Application%20Support/iPhone%20Simulator/7.1/Applications/8AE518CA-4655-4A9D-A1CB-B04D1D425DFA/HelloCordova.app/www/index.html#/app/earrings
2014-06-22 16:17:18.916 HelloCordova[12857:70b] Multi-tasking -> Device: YES, App: YES
2014-06-22 16:17:18.926 HelloCordova[12857:70b] Unlimited access to network resources
2014-06-22 16:17:18.953 HelloCordova[12857:70b] [CDVTimer][keyboard] 0.092983ms
2014-06-22 16:17:18.954 HelloCordova[12857:70b] CDVPlugin class CDVStatusBar (pluginName: statusbar) does not exist.
2014-06-22 16:17:18.955 HelloCordova[12857:70b] [CDVTimer][statusbar] 0.744998ms
2014-06-22 16:17:18.956 HelloCordova[12857:70b] [CDVTimer][TotalPluginStartup] 2.408028ms
2014-06-22 16:17:19.073 HelloCordova[12857:70b] Resetting plugins due to page load.
2014-06-22 16:17:19.231 HelloCordova[12857:70b] Finished load of: file:///Users/dushyantrao/Library/Application%20Support/iPhone%20Simulator/7.1/Applications/8AE518CA-4655-4A9D-A1CB-B04D1D425DFA/HelloCordova.app/www/index.html#/app/earrings
2014-06-22 16:18:20.845 HelloCordova[13187:70b] Multi-tasking -> Device: YES, App: YES
2014-06-22 16:18:20.854 HelloCordova[13187:70b] Unlimited access to network resources
2014-06-22 16:18:20.876 HelloCordova[13187:70b] [CDVTimer][keyboard] 0.109017ms
2014-06-22 16:18:20.876 HelloCordova[13187:70b] CDVPlugin class CDVStatusBar (pluginName: statusbar) does not exist.
2014-06-22 16:18:20.877 HelloCordova[13187:70b] [CDVTimer][statusbar] 0.503004ms
2014-06-22 16:18:20.877 HelloCordova[13187:70b] [CDVTimer][TotalPluginStartup] 1.803041ms
2014-06-22 16:18:20.998 HelloCordova[13187:70b] Resetting plugins due to page load.
2014-06-22 16:18:21.142 HelloCordova[13187:70b] Finished load of: file:///Users/dushyantrao/Library/Application%20Support/iPhone%20Simulator/7.1/Applications/8AE518CA-4655-4A9D-A1CB-B04D1D425DFA/HelloCordova.app/www/index.html#/app/earrings
2014-06-22 16:19:29.289 HelloCordova[13516:70b] Multi-tasking -> Device: YES, App: YES
2014-06-22 16:19:29.298 HelloCordova[13516:70b] Unlimited access to network resources
2014-06-22 16:19:29.324 HelloCordova[13516:70b] [CDVTimer][keyboard] 0.088036ms
2014-06-22 16:19:29.325 HelloCordova[13516:70b] CDVPlugin class CDVStatusBar (pluginName: statusbar) does not exist.
2014-06-22 16:19:29.326 HelloCordova[13516:70b] [CDVTimer][statusbar] 0.761986ms
2014-06-22 16:19:29.327 HelloCordova[13516:70b] [CDVTimer][TotalPluginStartup] 2.510965ms
2014-06-22 16:19:29.387 HelloCordova[13516:70b] Resetting plugins due to page load.
2014-06-22 16:19:29.557 HelloCordova[13516:70b] Finished load of: file:///Users/dushyantrao/Library/Application%20Support/iPhone%20Simulator/7.1/Applications/8AE518CA-4655-4A9D-A1CB-B04D1D425DFA/HelloCordova.app/www/index.html#/app/earrings
